`board/synapse/e10/root-additions/etc/ifplugd' -> `/b/E10-buildroot/br1305-main/output/target/etc/ifplugd'
`board/synapse/e10/root-additions/etc/ifplugd/ifplugd.conf' -> `/b/E10-buildroot/br1305-main/output/target/etc/ifplugd/ifplugd.conf'
`board/synapse/e10/root-additions/etc/default/ntpd' -> `/b/E10-buildroot/br1305-main/output/target/etc/default/ntpd'
`board/synapse/e10/root-additions/etc/init.d/S77RunUsb.py' -> `/b/E10-buildroot/br1305-main/output/target/etc/init.d/S77RunUsb.py'
`board/synapse/e10/root-additions/etc/init.d/S99leds' -> `/b/E10-buildroot/br1305-main/output/target/etc/init.d/S99leds'
`board/synapse/e10/root-additions/etc/init.d/S49ntp' -> `/b/E10-buildroot/br1305-main/output/target/etc/init.d/S49ntp'
`board/synapse/e10/root-additions/etc/init.d/S999snap' -> `/b/E10-buildroot/br1305-main/output/target/etc/init.d/S999snap'
`board/synapse/e10/root-additions/etc/init.d/S60cron' -> `/b/E10-buildroot/br1305-main/output/target/etc/init.d/S60cron'
`board/synapse/e10/root-additions/etc/lighttpd.jc' -> `/b/E10-buildroot/br1305-main/output/target/etc/lighttpd.jc'
`board/synapse/e10/root-additions/etc/lighttpd.jc/conf.d' -> `/b/E10-buildroot/br1305-main/output/target/etc/lighttpd.jc/conf.d'
`board/synapse/e10/root-additions/etc/lighttpd.jc/conf.d/status.conf' -> `/b/E10-buildroot/br1305-main/output/target/etc/lighttpd.jc/conf.d/status.conf'
`board/synapse/e10/root-additions/etc/lighttpd.jc/conf.d/trigger_b4_dl.conf' -> `/b/E10-buildroot/br1305-main/output/target/etc/lighttpd.jc/conf.d/trigger_b4_dl.conf'
`board/synapse/e10/root-additions/etc/lighttpd.jc/conf.d/dirlisting.conf' -> `/b/E10-buildroot/br1305-main/output/target/etc/lighttpd.jc/conf.d/dirlisting.conf'
`board/synapse/e10/root-additions/etc/lighttpd.jc/conf.d/evhost.conf' -> `/b/E10-buildroot/br1305-main/output/target/etc/lighttpd.jc/conf.d/evhost.conf'
`board/synapse/e10/root-additions/etc/lighttpd.jc/conf.d/expire.conf' -> `/b/E10-buildroot/br1305-main/output/target/etc/lighttpd.jc/conf.d/expire.conf'
`board/synapse/e10/root-additions/etc/lighttpd.jc/conf.d/Makefile.am' -> `/b/E10-buildroot/br1305-main/output/target/etc/lighttpd.jc/conf.d/Makefile.am'
`board/synapse/e10/root-additions/etc/lighttpd.jc/conf.d/secdownload.conf' -> `/b/E10-buildroot/br1305-main/output/target/etc/lighttpd.jc/conf.d/secdownload.conf'
`board/synapse/e10/root-additions/etc/lighttpd.jc/conf.d/mime.conf' -> `/b/E10-buildroot/br1305-main/output/target/etc/lighttpd.jc/conf.d/mime.conf'
`board/synapse/e10/root-additions/etc/lighttpd.jc/conf.d/scgi.conf' -> `/b/E10-buildroot/br1305-main/output/target/etc/lighttpd.jc/conf.d/scgi.conf'
`board/synapse/e10/root-additions/etc/lighttpd.jc/conf.d/proxy.conf' -> `/b/E10-buildroot/br1305-main/output/target/etc/lighttpd.jc/conf.d/proxy.conf'
`board/synapse/e10/root-additions/etc/lighttpd.jc/conf.d/Makefile' -> `/b/E10-buildroot/br1305-main/output/target/etc/lighttpd.jc/conf.d/Makefile'
`board/synapse/e10/root-additions/etc/lighttpd.jc/conf.d/compress.conf' -> `/b/E10-buildroot/br1305-main/output/target/etc/lighttpd.jc/conf.d/compress.conf'
`board/synapse/e10/root-additions/etc/lighttpd.jc/conf.d/simple_vhost.conf' -> `/b/E10-buildroot/br1305-main/output/target/etc/lighttpd.jc/conf.d/simple_vhost.conf'
`board/synapse/e10/root-additions/etc/lighttpd.jc/conf.d/access_log.conf' -> `/b/E10-buildroot/br1305-main/output/target/etc/lighttpd.jc/conf.d/access_log.conf'
`board/synapse/e10/root-additions/etc/lighttpd.jc/conf.d/cgi.conf' -> `/b/E10-buildroot/br1305-main/output/target/etc/lighttpd.jc/conf.d/cgi.conf'
`board/synapse/e10/root-additions/etc/lighttpd.jc/conf.d/geoip.conf' -> `/b/E10-buildroot/br1305-main/output/target/etc/lighttpd.jc/conf.d/geoip.conf'
`board/synapse/e10/root-additions/etc/lighttpd.jc/conf.d/cml.conf' -> `/b/E10-buildroot/br1305-main/output/target/etc/lighttpd.jc/conf.d/cml.conf'
`board/synapse/e10/root-additions/etc/lighttpd.jc/conf.d/webdav.conf' -> `/b/E10-buildroot/br1305-main/output/target/etc/lighttpd.jc/conf.d/webdav.conf'
`board/synapse/e10/root-additions/etc/lighttpd.jc/conf.d/userdir.conf' -> `/b/E10-buildroot/br1305-main/output/target/etc/lighttpd.jc/conf.d/userdir.conf'
`board/synapse/e10/root-additions/etc/lighttpd.jc/conf.d/magnet.conf' -> `/b/E10-buildroot/br1305-main/output/target/etc/lighttpd.jc/conf.d/magnet.conf'
`board/synapse/e10/root-additions/etc/lighttpd.jc/conf.d/auth.conf' -> `/b/E10-buildroot/br1305-main/output/target/etc/lighttpd.jc/conf.d/auth.conf'
`board/synapse/e10/root-additions/etc/lighttpd.jc/conf.d/ssi.conf' -> `/b/E10-buildroot/br1305-main/output/target/etc/lighttpd.jc/conf.d/ssi.conf'
`board/synapse/e10/root-additions/etc/lighttpd.jc/conf.d/fastcgi.conf' -> `/b/E10-buildroot/br1305-main/output/target/etc/lighttpd.jc/conf.d/fastcgi.conf'
`board/synapse/e10/root-additions/etc/lighttpd.jc/conf.d/mysql_vhost.conf' -> `/b/E10-buildroot/br1305-main/output/target/etc/lighttpd.jc/conf.d/mysql_vhost.conf'
`board/synapse/e10/root-additions/etc/lighttpd.jc/conf.d/mod.template' -> `/b/E10-buildroot/br1305-main/output/target/etc/lighttpd.jc/conf.d/mod.template'
`board/synapse/e10/root-additions/etc/lighttpd.jc/conf.d/debug.conf' -> `/b/E10-buildroot/br1305-main/output/target/etc/lighttpd.jc/conf.d/debug.conf'
`board/synapse/e10/root-additions/etc/lighttpd.jc/conf.d/rrdtool.conf' -> `/b/E10-buildroot/br1305-main/output/target/etc/lighttpd.jc/conf.d/rrdtool.conf'
`board/synapse/e10/root-additions/etc/lighttpd.jc/conf.d/Makefile.in' -> `/b/E10-buildroot/br1305-main/output/target/etc/lighttpd.jc/conf.d/Makefile.in'
`board/synapse/e10/root-additions/etc/lighttpd.jc/vhosts.d' -> `/b/E10-buildroot/br1305-main/output/target/etc/lighttpd.jc/vhosts.d'
`board/synapse/e10/root-additions/etc/lighttpd.jc/vhosts.d/Makefile.am' -> `/b/E10-buildroot/br1305-main/output/target/etc/lighttpd.jc/vhosts.d/Makefile.am'
`board/synapse/e10/root-additions/etc/lighttpd.jc/vhosts.d/Makefile' -> `/b/E10-buildroot/br1305-main/output/target/etc/lighttpd.jc/vhosts.d/Makefile'
`board/synapse/e10/root-additions/etc/lighttpd.jc/vhosts.d/vhosts.template' -> `/b/E10-buildroot/br1305-main/output/target/etc/lighttpd.jc/vhosts.d/vhosts.template'
`board/synapse/e10/root-additions/etc/lighttpd.jc/vhosts.d/Makefile.in' -> `/b/E10-buildroot/br1305-main/output/target/etc/lighttpd.jc/vhosts.d/Makefile.in'
`board/synapse/e10/root-additions/etc/lighttpd.jc/modules.conf' -> `/b/E10-buildroot/br1305-main/output/target/etc/lighttpd.jc/modules.conf'
`board/synapse/e10/root-additions/etc/lighttpd.jc/lighttpd.conf' -> `/b/E10-buildroot/br1305-main/output/target/etc/lighttpd.jc/lighttpd.conf'
`board/synapse/e10/root-additions/etc/fw_env.config' -> `/b/E10-buildroot/br1305-main/output/target/etc/fw_env.config'
`board/synapse/e10/root-additions/etc/wpa_supplicant.conf' -> `/b/E10-buildroot/br1305-main/output/target/etc/wpa_supplicant.conf'
`board/synapse/e10/root-additions/etc/network/pre-wlan.sh' -> `/b/E10-buildroot/br1305-main/output/target/etc/network/pre-wlan.sh'
`board/synapse/e10/root-additions/etc/network/interfaces' -> `/b/E10-buildroot/br1305-main/output/target/etc/network/interfaces'
`board/synapse/e10/root-additions/root/scripts' -> `/b/E10-buildroot/br1305-main/output/target/root/scripts'
`board/synapse/e10/root-additions/root/scripts/update-jcu.sh' -> `/b/E10-buildroot/br1305-main/output/target/root/scripts/update-jcu.sh'
`board/synapse/e10/root-additions/root/scripts/cron.hourly.sh' -> `/b/E10-buildroot/br1305-main/output/target/root/scripts/cron.hourly.sh'
`board/synapse/e10/root-additions/root/scripts/cron.weekly.sh' -> `/b/E10-buildroot/br1305-main/output/target/root/scripts/cron.weekly.sh'
`board/synapse/e10/root-additions/root/scripts/cron.daily.sh' -> `/b/E10-buildroot/br1305-main/output/target/root/scripts/cron.daily.sh'
`board/synapse/e10/root-additions/root/scripts/check-wlan.sh' -> `/b/E10-buildroot/br1305-main/output/target/root/scripts/check-wlan.sh'
`board/synapse/e10/root-additions/root/scripts/cron.monthly.sh' -> `/b/E10-buildroot/br1305-main/output/target/root/scripts/cron.monthly.sh'
`board/synapse/e10/root-additions/root/scripts/get-sc.sh' -> `/b/E10-buildroot/br1305-main/output/target/root/scripts/get-sc.sh'
`board/synapse/e10/root-additions/root/scripts/cron.minute.sh' -> `/b/E10-buildroot/br1305-main/output/target/root/scripts/cron.minute.sh'
`board/synapse/e10/root-additions/root/scripts/check-net.sh' -> `/b/E10-buildroot/br1305-main/output/target/root/scripts/check-net.sh'
`board/synapse/e10/root-additions/srv' -> `/b/E10-buildroot/br1305-main/output/target/srv'
`board/synapse/e10/root-additions/srv/www' -> `/b/E10-buildroot/br1305-main/output/target/srv/www'
`board/synapse/e10/root-additions/srv/www/htdocs' -> `/b/E10-buildroot/br1305-main/output/target/srv/www/htdocs'
`board/synapse/e10/root-additions/srv/www/htdocs/index.html' -> `/b/E10-buildroot/br1305-main/output/target/srv/www/htdocs/index.html'
`board/synapse/e10/root-additions/srv/www/htdocs/search_logs.html' -> `/b/E10-buildroot/br1305-main/output/target/srv/www/htdocs/search_logs.html'
`board/synapse/e10/root-additions/srv/www/htdocs/sql' -> `/b/E10-buildroot/br1305-main/output/target/srv/www/htdocs/sql'
`board/synapse/e10/root-additions/srv/www/htdocs/sql/addcmd.py' -> `/b/E10-buildroot/br1305-main/output/target/srv/www/htdocs/sql/addcmd.py'
`board/synapse/e10/root-additions/srv/www/htdocs/sql/viewcmd.py' -> `/b/E10-buildroot/br1305-main/output/target/srv/www/htdocs/sql/viewcmd.py'
`board/synapse/e10/root-additions/srv/www/htdocs/sql/listalllogs.py' -> `/b/E10-buildroot/br1305-main/output/target/srv/www/htdocs/sql/listalllogs.py'
`board/synapse/e10/root-additions/srv/www/htdocs/sql/viewlog.py' -> `/b/E10-buildroot/br1305-main/output/target/srv/www/htdocs/sql/viewlog.py'
`board/synapse/e10/root-additions/srv/www/htdocs/sql/listallcmds.py' -> `/b/E10-buildroot/br1305-main/output/target/srv/www/htdocs/sql/listallcmds.py'
`board/synapse/e10/root-additions/srv/www/htdocs/sql/listmacs.py' -> `/b/E10-buildroot/br1305-main/output/target/srv/www/htdocs/sql/listmacs.py'
`board/synapse/e10/root-additions/srv/www/htdocs/test.py' -> `/b/E10-buildroot/br1305-main/output/target/srv/www/htdocs/test.py'
`board/synapse/e10/root-additions/srv/www/htdocs/update.sh' -> `/b/E10-buildroot/br1305-main/output/target/srv/www/htdocs/update.sh'
`board/synapse/e10/root-additions/srv/www/htdocs/addcmd2x.html' -> `/b/E10-buildroot/br1305-main/output/target/srv/www/htdocs/addcmd2x.html'
`board/synapse/e10/root-additions/usr/bin/tcl' -> `/b/E10-buildroot/br1305-main/output/target/usr/bin/tcl'
`board/synapse/e10/root-additions/var/spool/cron/crontabs/root' -> `/b/E10-buildroot/br1305-main/output/target/var/spool/cron/crontabs/root'
`board/synapse/e10/root-additions/var/spool/cron/crontabs/cron.update' -> `/b/E10-buildroot/br1305-main/output/target/var/spool/cron/crontabs/cron.update'
